<?xml version="1.0" encoding="UTF-8"?>
<testng-results ignored="0" total="1" passed="1" failed="0" skipped="0">
  <reporter-output>
  </reporter-output>
  <suite started-at="2025-09-20T23:46:10 IST" name="Default suite" finished-at="2025-09-20T23:46:20 IST" duration-ms="10187">
    <groups>
      <group name="smoke">
        <method signature="AdminLoginTest.adminLoginTest()[pri:0, instance:com.tekpyramid.tms.adminTest.AdminLoginTest@6356695f]" name="adminLoginTest" class="com.tekpyramid.tms.adminTest.AdminLoginTest"/>
      </group> <!-- smoke -->
    </groups>
    <test started-at="2025-09-20T23:46:10 IST" name="Default test" finished-at="2025-09-20T23:46:20 IST" duration-ms="10187">
      <class name="com.tekpyramid.tms.adminTest.AdminLoginTest">
        <test-method is-config="true" signature="configBS()[pri:0, instance:com.tekpyramid.tms.adminTest.AdminLoginTest@6356695f]" started-at="2025-09-20T23:46:10 IST" name="configBS" finished-at="2025-09-20T23:46:10 IST" duration-ms="12" status="PASS">
          <reporter-output>
          </reporter-output>
        </test-method> <!-- configBS -->
        <test-method is-config="true" signature="configBC()[pri:0, instance:com.tekpyramid.tms.adminTest.AdminLoginTest@6356695f]" started-at="2025-09-20T23:46:10 IST" name="configBC" finished-at="2025-09-20T23:46:13 IST" duration-ms="3735" status="PASS">
          <reporter-output>
          </reporter-output>
        </test-method> <!-- configBC -->
        <test-method is-config="true" signature="configBM()[pri:0, instance:com.tekpyramid.tms.adminTest.AdminLoginTest@6356695f]" started-at="2025-09-20T23:46:13 IST" name="configBM" finished-at="2025-09-20T23:46:16 IST" duration-ms="2152" status="PASS">
          <reporter-output>
          </reporter-output>
        </test-method> <!-- configBM -->
        <test-method signature="adminLoginTest()[pri:0, instance:com.tekpyramid.tms.adminTest.AdminLoginTest@6356695f]" started-at="2025-09-20T23:46:16 IST" name="adminLoginTest" finished-at="2025-09-20T23:46:18 IST" duration-ms="2763" status="PASS">
          <reporter-output>
          </reporter-output>
        </test-method> <!-- adminLoginTest -->
        <test-method is-config="true" signature="configAM()[pri:0, instance:com.tekpyramid.tms.adminTest.AdminLoginTest@6356695f]" started-at="2025-09-20T23:46:18 IST" name="configAM" finished-at="2025-09-20T23:46:18 IST" duration-ms="1" status="PASS">
          <reporter-output>
          </reporter-output>
        </test-method> <!-- configAM -->
        <test-method is-config="true" signature="configAC()[pri:0, instance:com.tekpyramid.tms.adminTest.AdminLoginTest@6356695f]" started-at="2025-09-20T23:46:18 IST" name="configAC" finished-at="2025-09-20T23:46:20 IST" duration-ms="1473" status="PASS">
          <reporter-output>
          </reporter-output>
        </test-method> <!-- configAC -->
        <test-method is-config="true" signature="configAS()[pri:0, instance:com.tekpyramid.tms.adminTest.AdminLoginTest@6356695f]" started-at="2025-09-20T23:46:20 IST" name="configAS" finished-at="2025-09-20T23:46:20 IST" duration-ms="0" status="PASS">
          <reporter-output>
          </reporter-output>
        </test-method> <!-- configAS -->
      </class> <!-- com.tekpyramid.tms.adminTest.AdminLoginTest -->
    </test> <!-- Default test -->
  </suite> <!-- Default suite -->
</testng-results>
